
> blogger@0.0.0 start
> node ./bin/www

(node:2073) [MONGOOSE] DeprecationWarning: Mongoose: the `strictQuery` option will be switched back to `false` by default in Mongoose 7. Use `mongoose.set('strictQuery', false);` if you want to prepare for this change. Or use `mongoose.set('strictQuery', true);` to suppress this warning.
(Use `node --trace-deprecation ...` to show where the warning was created)
Mongoose connected to mongodb://localhost/blogger
[0mGET / [36m304 [0m693.263 ms - -[0m
[0mGET /stylesheets/style.css [36m304 [0m2.200 ms - -[0m
[0mGET /bootstrap/css/bootstrap.min.css [36m304 [0m3.053 ms - -[0m
[0mGET /bootstrap/js/bootstrap.min.js [36m304 [0m0.891 ms - -[0m
[0mGET /bloglist [32m200 [0m66.287 ms - 1657[0m
[0mGET /bootstrap/css/bootstrap.min.css [36m304 [0m0.609 ms - -[0m
[0mGET /stylesheets/style.css [36m304 [0m1.835 ms - -[0m
[0mGET /bootstrap/js/bootstrap.min.js [36m304 [0m0.831 ms - -[0m

> blogger@0.0.0 start
> node ./bin/www

(node:1688) [MONGOOSE] DeprecationWarning: Mongoose: the `strictQuery` option will be switched back to `false` by default in Mongoose 7. Use `mongoose.set('strictQuery', false);` if you want to prepare for this change. Or use `mongoose.set('strictQuery', true);` to suppress this warning.
(Use `node --trace-deprecation ...` to show where the warning was created)
Mongoose connected to mongodb://localhost/blogger
[0mGET / [36m304 [0m577.646 ms - -[0m
[0mGET /bootstrap/js/bootstrap.min.js [36m304 [0m2.873 ms - -[0m
[0mGET /bootstrap/css/bootstrap.min.css [36m304 [0m2.662 ms - -[0m
[0mGET /stylesheets/style.css [36m304 [0m1.317 ms - -[0m
[0mGET /bloglist [36m304 [0m59.085 ms - -[0m
[0mGET /bootstrap/css/bootstrap.min.css [36m304 [0m0.544 ms - -[0m
[0mGET /stylesheets/style.css [36m304 [0m1.565 ms - -[0m
[0mGET /bootstrap/js/bootstrap.min.js [36m304 [0m0.414 ms - -[0m
[0mGET / [36m304 [0m17.277 ms - -[0m
[0mGET /bootstrap/css/bootstrap.min.css [36m304 [0m1.761 ms - -[0m
[0mGET /stylesheets/style.css [36m304 [0m1.539 ms - -[0m
[0mGET /bootstrap/js/bootstrap.min.js [36m304 [0m0.476 ms - -[0m
[0mGET /bloglist [36m304 [0m39.152 ms - -[0m
[0mGET /bootstrap/css/bootstrap.min.css [36m304 [0m0.901 ms - -[0m
[0mGET /bootstrap/js/bootstrap.min.js [36m304 [0m0.337 ms - -[0m
[0mGET /stylesheets/style.css [36m304 [0m0.659 ms - -[0m
[0mGET /bloglist [36m304 [0m48.788 ms - -[0m
[0mGET /bootstrap/css/bootstrap.min.css [36m304 [0m1.741 ms - -[0m
[0mGET /bootstrap/js/bootstrap.min.js [36m304 [0m1.131 ms - -[0m
[0mGET /stylesheets/style.css [36m304 [0m1.281 ms - -[0m
[0mGET /blogdelete [36m304 [0m12.575 ms - -[0m
[0mGET /bootstrap/css/bootstrap.min.css [36m304 [0m0.534 ms - -[0m
[0mGET /stylesheets/style.css [36m304 [0m0.419 ms - -[0m
[0mGET /bootstrap/js/bootstrap.min.js [36m304 [0m0.559 ms - -[0m
[0mGET /blogedit [36m304 [0m24.204 ms - -[0m
[0mGET /bootstrap/css/bootstrap.min.css [36m304 [0m0.426 ms - -[0m
[0mGET /stylesheets/style.css [36m304 [0m0.273 ms - -[0m
[0mGET /bootstrap/js/bootstrap.min.js [36m304 [0m0.275 ms - -[0m
